[0923/112424.572:ERROR:crash_report_database_win.cc(469)] failed to stat report
[0923/112728.444:ERROR:crash_report_database_win.cc(469)] failed to stat report
[0923/112753.668:ERROR:crash_report_database_win.cc(469)] failed to stat report
[0923/113753.669:ERROR:crash_report_database_win.cc(469)] failed to stat report
[0923/113753.669:ERROR:crash_report_database_win.cc(469)] failed to stat report
[0923/225104.425:ERROR:crash_report_database_win.cc(469)] failed to stat report
[0923/230104.425:ERROR:crash_report_database_win.cc(469)] failed to stat report
[0923/230104.427:ERROR:crash_report_database_win.cc(469)] failed to stat report
[0923/230604.432:ERROR:crash_report_database_win.cc(469)] failed to stat report
[0923/230741.250:ERROR:crash_report_database_win.cc(469)] failed to stat report
[0923/232104.434:ERROR:crash_report_database_win.cc(469)] failed to stat report
[0923/233440.469:ERROR:crash_report_database_win.cc(469)] failed to stat report
[0923/233604.436:ERROR:crash_report_database_win.cc(469)] failed to stat report
[0923/234221.168:ERROR:crash_report_database_win.cc(469)] failed to stat report
[0923/235104.452:ERROR:crash_report_database_win.cc(469)] failed to stat report
[0925/094458.959:ERROR:crash_report_database_win.cc(469)] failed to stat report
[0925/165647.398:ERROR:crash_report_database_win.cc(469)] failed to stat report
[0925/170647.399:ERROR:crash_report_database_win.cc(469)] failed to stat report
[0925/170647.400:ERROR:crash_report_database_win.cc(469)] failed to stat report
[0925/171147.399:ERROR:crash_report_database_win.cc(469)] failed to stat report
[0925/172647.401:ERROR:crash_report_database_win.cc(469)] failed to stat report
[0925/174147.402:ERROR:crash_report_database_win.cc(469)] failed to stat report
[0925/175647.404:ERROR:crash_report_database_win.cc(469)] failed to stat report
[0925/181147.405:ERROR:crash_report_database_win.cc(469)] failed to stat report
[0925/182647.407:ERROR:crash_report_database_win.cc(469)] failed to stat report
[0925/184147.408:ERROR:crash_report_database_win.cc(469)] failed to stat report
[0925/185647.410:ERROR:crash_report_database_win.cc(469)] failed to stat report
[0925/191147.413:ERROR:crash_report_database_win.cc(469)] failed to stat report
[0925/192647.414:ERROR:crash_report_database_win.cc(469)] failed to stat report
[0925/194147.564:ERROR:crash_report_database_win.cc(469)] failed to stat report
[0927/111622.185:ERROR:crash_report_database_win.cc(469)] failed to stat report
[0927/112622.184:ERROR:crash_report_database_win.cc(469)] failed to stat report
[0927/112622.185:ERROR:crash_report_database_win.cc(469)] failed to stat report
[0927/113122.195:ERROR:crash_report_database_win.cc(469)] failed to stat report
[0927/114622.195:ERROR:crash_report_database_win.cc(469)] failed to stat report
[0927/120122.197:ERROR:crash_report_database_win.cc(469)] failed to stat report
[0927/121622.199:ERROR:crash_report_database_win.cc(469)] failed to stat report
[0927/123122.200:ERROR:crash_report_database_win.cc(469)] failed to stat report
[0927/124622.202:ERROR:crash_report_database_win.cc(469)] failed to stat report
[0927/130122.204:ERROR:crash_report_database_win.cc(469)] failed to stat report
[0927/131622.206:ERROR:crash_report_database_win.cc(469)] failed to stat report
[0927/133122.208:ERROR:crash_report_database_win.cc(469)] failed to stat report
[0927/134622.209:ERROR:crash_report_database_win.cc(469)] failed to stat report
[0927/140122.211:ERROR:crash_report_database_win.cc(469)] failed to stat report
[0927/141622.212:ERROR:crash_report_database_win.cc(469)] failed to stat report
[0927/143122.214:ERROR:crash_report_database_win.cc(469)] failed to stat report
[0927/144622.216:ERROR:crash_report_database_win.cc(469)] failed to stat report
[0927/150122.218:ERROR:crash_report_database_win.cc(469)] failed to stat report
[0927/151622.219:ERROR:crash_report_database_win.cc(469)] failed to stat report
[0927/153122.220:ERROR:crash_report_database_win.cc(469)] failed to stat report
[0927/154622.221:ERROR:crash_report_database_win.cc(469)] failed to stat report
[0927/160122.222:ERROR:crash_report_database_win.cc(469)] failed to stat report
[0927/161622.222:ERROR:crash_report_database_win.cc(469)] failed to stat report
[0927/163122.222:ERROR:crash_report_database_win.cc(469)] failed to stat report
[0927/164622.223:ERROR:crash_report_database_win.cc(469)] failed to stat report
[0927/170122.223:ERROR:crash_report_database_win.cc(469)] failed to stat report
[0927/171622.224:ERROR:crash_report_database_win.cc(469)] failed to stat report
[0927/173122.225:ERROR:crash_report_database_win.cc(469)] failed to stat report
[0927/174622.226:ERROR:crash_report_database_win.cc(469)] failed to stat report
[0927/180122.228:ERROR:crash_report_database_win.cc(469)] failed to stat report
[0927/181623.970:ERROR:crash_report_database_win.cc(469)] failed to stat report
[0927/183123.970:ERROR:crash_report_database_win.cc(469)] failed to stat report
[0927/184623.973:ERROR:crash_report_database_win.cc(469)] failed to stat report
[0927/190123.974:ERROR:crash_report_database_win.cc(469)] failed to stat report
[0927/191623.976:ERROR:crash_report_database_win.cc(469)] failed to stat report
[0927/193123.976:ERROR:crash_report_database_win.cc(469)] failed to stat report
[0927/194623.979:ERROR:crash_report_database_win.cc(469)] failed to stat report
[0927/200123.981:ERROR:crash_report_database_win.cc(469)] failed to stat report
[0927/201623.982:ERROR:crash_report_database_win.cc(469)] failed to stat report
[0927/203123.984:ERROR:crash_report_database_win.cc(469)] failed to stat report
[0927/204623.987:ERROR:crash_report_database_win.cc(469)] failed to stat report
[0927/210124.003:ERROR:crash_report_database_win.cc(469)] failed to stat report
[0927/211624.005:ERROR:crash_report_database_win.cc(469)] failed to stat report
[0927/213124.006:ERROR:crash_report_database_win.cc(469)] failed to stat report
[0927/214624.008:ERROR:crash_report_database_win.cc(469)] failed to stat report
[0927/220124.008:ERROR:crash_report_database_win.cc(469)] failed to stat report
[0927/221624.009:ERROR:crash_report_database_win.cc(469)] failed to stat report
[0927/223124.009:ERROR:crash_report_database_win.cc(469)] failed to stat report
[0927/224624.010:ERROR:crash_report_database_win.cc(469)] failed to stat report
[0927/230124.011:ERROR:crash_report_database_win.cc(469)] failed to stat report
[0927/231624.013:ERROR:crash_report_database_win.cc(469)] failed to stat report
[0927/233124.014:ERROR:crash_report_database_win.cc(469)] failed to stat report
[0927/234624.014:ERROR:crash_report_database_win.cc(469)] failed to stat report
[0928/000124.015:ERROR:crash_report_database_win.cc(469)] failed to stat report
[0928/001624.015:ERROR:crash_report_database_win.cc(469)] failed to stat report
[0928/003030.244:ERROR:crash_report_database_win.cc(469)] failed to stat report
[0928/003124.017:ERROR:crash_report_database_win.cc(469)] failed to stat report
[0928/004624.017:ERROR:crash_report_database_win.cc(469)] failed to stat report
[0928/010124.018:ERROR:crash_report_database_win.cc(469)] failed to stat report
[0928/011624.020:ERROR:crash_report_database_win.cc(469)] failed to stat report
[0928/013124.021:ERROR:crash_report_database_win.cc(469)] failed to stat report
[0928/014624.022:ERROR:crash_report_database_win.cc(469)] failed to stat report
[0928/020124.022:ERROR:crash_report_database_win.cc(469)] failed to stat report
[0928/021624.023:ERROR:crash_report_database_win.cc(469)] failed to stat report
[0928/023124.024:ERROR:crash_report_database_win.cc(469)] failed to stat report
[0928/024624.025:ERROR:crash_report_database_win.cc(469)] failed to stat report
[0928/030124.026:ERROR:crash_report_database_win.cc(469)] failed to stat report
[0928/031624.027:ERROR:crash_report_database_win.cc(469)] failed to stat report
[0928/033124.028:ERROR:crash_report_database_win.cc(469)] failed to stat report
[0928/034624.029:ERROR:crash_report_database_win.cc(469)] failed to stat report
[0928/040124.030:ERROR:crash_report_database_win.cc(469)] failed to stat report
[0928/041624.035:ERROR:crash_report_database_win.cc(469)] failed to stat report
[0928/083349.505:ERROR:crash_report_database_win.cc(469)] failed to stat report
[0928/084849.507:ERROR:crash_report_database_win.cc(469)] failed to stat report
[0928/090349.508:ERROR:crash_report_database_win.cc(469)] failed to stat report
[0928/091849.510:ERROR:crash_report_database_win.cc(469)] failed to stat report
[0928/093349.511:ERROR:crash_report_database_win.cc(469)] failed to stat report
[0928/102712.247:ERROR:crash_report_database_win.cc(469)] failed to stat report
[0928/145353.525:ERROR:crash_report_database_win.cc(469)] failed to stat report
[0929/100302.446:ERROR:crash_report_database_win.cc(469)] failed to stat report
[1007/224114.750:ERROR:crash_report_database_win.cc(469)] failed to stat report
[1007/224149.236:ERROR:crash_report_database_win.cc(469)] failed to stat report
[1007/224718.725:ERROR:crash_report_database_win.cc(469)] failed to stat report
[1008/010234.475:ERROR:crash_report_database_win.cc(469)] failed to stat report
[1008/103656.107:ERROR:crash_report_database_win.cc(469)] failed to stat report
[1008/190553.818:ERROR:crash_report_database_win.cc(469)] failed to stat report
[1009/223921.986:ERROR:crash_report_database_win.cc(469)] failed to stat report
[1009/224921.986:ERROR:crash_report_database_win.cc(469)] failed to stat report
[1009/224921.986:ERROR:crash_report_database_win.cc(469)] failed to stat report
[1009/225421.997:ERROR:crash_report_database_win.cc(469)] failed to stat report
[1009/230922.007:ERROR:crash_report_database_win.cc(469)] failed to stat report
[1009/232422.017:ERROR:crash_report_database_win.cc(469)] failed to stat report
[1009/233922.020:ERROR:crash_report_database_win.cc(469)] failed to stat report
[1009/235422.020:ERROR:crash_report_database_win.cc(469)] failed to stat report
[1010/000922.035:ERROR:crash_report_database_win.cc(469)] failed to stat report
[1010/002422.043:ERROR:crash_report_database_win.cc(469)] failed to stat report
[1010/003922.045:ERROR:crash_report_database_win.cc(469)] failed to stat report
[1010/204005.795:ERROR:crash_report_database_win.cc(469)] failed to stat report
[1011/165313.865:ERROR:crash_report_database_win.cc(469)] failed to stat report
[1011/171557.799:ERROR:crash_report_database_win.cc(469)] failed to stat report
[1011/174426.274:ERROR:crash_report_database_win.cc(469)] failed to stat report
[1011/174434.144:ERROR:crash_report_database_win.cc(469)] failed to stat report
[1011/184204.353:ERROR:crash_report_database_win.cc(469)] failed to stat report
[1013/100959.646:ERROR:crash_report_database_win.cc(469)] failed to stat report
[1013/152639.328:ERROR:crash_report_database_win.cc(469)] failed to stat report
[1013/162858.504:ERROR:crash_report_database_win.cc(469)] failed to stat report
[1013/235551.107:ERROR:crash_report_database_win.cc(469)] failed to stat report

<?php
require_once('connector.php');
session_start();

$customerId = $_SESSION['custId'];
$sql = "SELECT * FROM child WHERE carer_tpn='" . $customerId . "'";
$db = Database::getInstance();
$customerDetails = $db->getConnection()->query($sql);

echo '<div class="row justify-content-md-center">
 		<div class="col-md-8 table-center">
 			<div class="card mt-5">
 				<table class="table table-hover table-outline table-striped table-sm">
 					<tbody>';
 					if(mysqli_num_rows($customerDetails) > 0){
 						while($row_customers = mysqli_fetch_array($customerDetails)){
 							if($row_customers['carer_tpn'] = $customerId){
 								echo '
 								<tr><th>First Name</th>
 								<td><h4>'.$row_customers['ch_givname'].'</td></tr>
 								<tr><th>Last Name</th>
 								<td><h4>'.$row_customers['ch_famname'].'</td></tr>
 								<tr><th>Date of Birth</th>
 								<td><h4>'.$row_customers['DOB'].'</td></tr>
 								<tr><th>Gender</th>
 								<td><h4>'.$row_customers['Gender'].'</td></tr>
 								<tr><th>Telephone (Carer)</th>
 								<td><h4>'.$row_customers['carer_tpn'].'</td></tr>
 								<tr><th>Daily Messege</th>
 								<td><h1 style="color:red"><B>'.$row_customers['daily_msg'].'</b></h1></td></tr>
 							</tr>';
 							}
 						}
 					}else{

 					}
 			echo '</tbody>
 				</table>
 			</div>
 		</div>
 		</div>'

?>
[1014/224429.240:ERROR:crash_report_database_win.cc(469)] failed to stat report
[1015/123425.317:ERROR:directory_reader_win.cc(43)] FindFirstFile: The system cannot find the path specified. (0x3)
